WARNING:gnpy.tools.json_io:
	WARNING missing type_variety attribute in eqpt_config.json[Roadm]
	default value is type_variety = default

User input for spectrum used for propagation instead of SI
Power mode is set to True
=> it can be modified in eqpt_config.json - Span

There are 10 fiber spans over 800 km between trx_A and trx_B

Now propagating between trx_A and trx_B:
Reference used for design: (Input optical power reference in span = 2.00dBm,
                            spacing = 75.00GHz
                            nb_channels = 206)

Channels propagating: (Input optical power deviation in span = 0.00dB,
                       spacing = 75.00GHz,
                       transceiver output power = 0.00dBm,
                       nb_channels = 76)
Input optical power reference in span = [1;36;40m2.00 dBm[0m:
Transceiver trx_A
  GSNR (0.1nm, dB):          40.00
  GSNR (signal bw, dB):      32.91
  OSNR ASE (0.1nm, dB):      40.00
  OSNR ASE (signal bw, dB):  32.91
  CD (ps/nm):                0.00
  PMD (ps):                  0.00
  PDL (dB):                  0.00
  Latency (ms):              0.00
  Actual pch out (dBm):      0.00
Fiber          fiber_C_1
  type_variety:                SSMF_C_day12
  length (km):                 80.00
  pad att_in (dB):             0.00
  total loss (dB):             15.20
  (includes conn loss (dB) in: 0.00 out: 0.00)
  (conn loss out includes EOL margin defined in eqpt_config.json)
  reference pch out (dBm):     -13.20
  actual pch out (dBm):        -15.20
Edfa edfa_C_1
  type_variety:           std_medium_gain_day12_wide
  effective gain(dB):     15.06
  (before att_in and before output VOA)
  tilt-target(dB)         0.00
  noise figure (dB):      9.93
  (including att_in)
  pad att_in (dB):        0.00
  Power In (dBm):         3.61
  Power Out (dBm):        18.68
  Delta_P (dB):           -2.14
  target pch (dBm):       -0.14
  actual pch out (dBm):   -0.13
  output VOA (dB):        0.00
Fiber          fiber_C_2
  type_variety:                SSMF_C_day12
  length (km):                 80.00
  pad att_in (dB):             0.00
  total loss (dB):             15.20
  (includes conn loss (dB) in: 0.00 out: 0.00)
  (conn loss out includes EOL margin defined in eqpt_config.json)
  reference pch out (dBm):     -15.34
  actual pch out (dBm):        -15.33
Edfa edfa_C_2
  type_variety:           std_medium_gain_day12_wide
  effective gain(dB):     15.20
  (before att_in and before output VOA)
  tilt-target(dB)         0.00
  noise figure (dB):      9.76
  (including att_in)
  pad att_in (dB):        0.00
  Power In (dBm):         3.48
  Power Out (dBm):        18.69
  Delta_P (dB):           -2.14
  target pch (dBm):       -0.14
  actual pch out (dBm):   -0.12
  output VOA (dB):        0.00
Fiber          fiber_C_3
  type_variety:                SSMF_C_day12
  length (km):                 80.00
  pad att_in (dB):             0.00
  total loss (dB):             15.20
  (includes conn loss (dB) in: 0.00 out: 0.00)
  (conn loss out includes EOL margin defined in eqpt_config.json)
  reference pch out (dBm):     -15.34
  actual pch out (dBm):        -15.32
Edfa edfa_C_3
  type_variety:           std_medium_gain_day12_wide
  effective gain(dB):     15.20
  (before att_in and before output VOA)
  tilt-target(dB)         0.00
  noise figure (dB):      9.76
  (including att_in)
  pad att_in (dB):        0.00
  Power In (dBm):         3.49
  Power Out (dBm):        18.70
  Delta_P (dB):           -2.14
  target pch (dBm):       -0.14
  actual pch out (dBm):   -0.10
  output VOA (dB):        0.00
Fiber          fiber_C_4
  type_variety:                SSMF_C_day12
  length (km):                 80.00
  pad att_in (dB):             0.00
  total loss (dB):             15.20
  (includes conn loss (dB) in: 0.00 out: 0.00)
  (conn loss out includes EOL margin defined in eqpt_config.json)
  reference pch out (dBm):     -15.34
  actual pch out (dBm):        -15.30
Edfa edfa_C_4
  type_variety:           std_medium_gain_day12_wide
  effective gain(dB):     15.20
  (before att_in and before output VOA)
  tilt-target(dB)         0.00
  noise figure (dB):      9.76
  (including att_in)
  pad att_in (dB):        0.00
  Power In (dBm):         3.50
  Power Out (dBm):        18.72
  Delta_P (dB):           -2.14
  target pch (dBm):       -0.14
  actual pch out (dBm):   -0.09
  output VOA (dB):        0.00
Fiber          fiber_C_5
  type_variety:                SSMF_C_day12
  length (km):                 80.00
  pad att_in (dB):             0.00
  total loss (dB):             15.20
  (includes conn loss (dB) in: 0.00 out: 0.00)
  (conn loss out includes EOL margin defined in eqpt_config.json)
  reference pch out (dBm):     -15.34
  actual pch out (dBm):        -15.29
Edfa edfa_C_5
  type_variety:           std_medium_gain_day12_wide
  effective gain(dB):     15.20
  (before att_in and before output VOA)
  tilt-target(dB)         0.00
  noise figure (dB):      9.76
  (including att_in)
  pad att_in (dB):        0.00
  Power In (dBm):         3.52
  Power Out (dBm):        18.73
  Delta_P (dB):           -2.14
  target pch (dBm):       -0.14
  actual pch out (dBm):   -0.08
  output VOA (dB):        0.00
Fiber          fiber_C_6
  type_variety:                SSMF_C_day12
  length (km):                 80.00
  pad att_in (dB):             0.00
  total loss (dB):             15.20
  (includes conn loss (dB) in: 0.00 out: 0.00)
  (conn loss out includes EOL margin defined in eqpt_config.json)
  reference pch out (dBm):     -15.34
  actual pch out (dBm):        -15.28
Edfa edfa_C_6
  type_variety:           std_medium_gain_day12_wide
  effective gain(dB):     15.20
  (before att_in and before output VOA)
  tilt-target(dB)         0.00
  noise figure (dB):      9.76
  (including att_in)
  pad att_in (dB):        0.00
  Power In (dBm):         3.53
  Power Out (dBm):        18.74
  Delta_P (dB):           -2.14
  target pch (dBm):       -0.14
  actual pch out (dBm):   -0.07
  output VOA (dB):        0.00
Fiber          fiber_C_7
  type_variety:                SSMF_C_day12
  length (km):                 80.00
  pad att_in (dB):             0.00
  total loss (dB):             15.20
  (includes conn loss (dB) in: 0.00 out: 0.00)
  (conn loss out includes EOL margin defined in eqpt_config.json)
  reference pch out (dBm):     -15.34
  actual pch out (dBm):        -15.27
Edfa edfa_C_7
  type_variety:           std_medium_gain_day12_wide
  effective gain(dB):     15.20
  (before att_in and before output VOA)
  tilt-target(dB)         0.00
  noise figure (dB):      9.76
  (including att_in)
  pad att_in (dB):        0.00
  Power In (dBm):         3.54
  Power Out (dBm):        18.75
  Delta_P (dB):           -2.14
  target pch (dBm):       -0.14
  actual pch out (dBm):   -0.06
  output VOA (dB):        0.00
Fiber          fiber_C_8
  type_variety:                SSMF_C_day12
  length (km):                 80.00
  pad att_in (dB):             0.00
  total loss (dB):             15.20
  (includes conn loss (dB) in: 0.00 out: 0.00)
  (conn loss out includes EOL margin defined in eqpt_config.json)
  reference pch out (dBm):     -15.34
  actual pch out (dBm):        -15.26
Edfa edfa_C_8
  type_variety:           std_medium_gain_day12_wide
  effective gain(dB):     15.20
  (before att_in and before output VOA)
  tilt-target(dB)         0.00
  noise figure (dB):      9.76
  (including att_in)
  pad att_in (dB):        0.00
  Power In (dBm):         3.55
  Power Out (dBm):        18.76
  Delta_P (dB):           -2.14
  target pch (dBm):       -0.14
  actual pch out (dBm):   -0.05
  output VOA (dB):        0.00
Fiber          fiber_C_9
  type_variety:                SSMF_C_day12
  length (km):                 80.00
  pad att_in (dB):             0.00
  total loss (dB):             15.20
  (includes conn loss (dB) in: 0.00 out: 0.00)
  (conn loss out includes EOL margin defined in eqpt_config.json)
  reference pch out (dBm):     -15.34
  actual pch out (dBm):        -15.25
Edfa edfa_C_9
  type_variety:           std_medium_gain_day12_wide
  effective gain(dB):     15.20
  (before att_in and before output VOA)
  tilt-target(dB)         0.00
  noise figure (dB):      9.76
  (including att_in)
  pad att_in (dB):        0.00
  Power In (dBm):         3.56
  Power Out (dBm):        18.77
  Delta_P (dB):           -2.14
  target pch (dBm):       -0.14
  actual pch out (dBm):   -0.04
  output VOA (dB):        0.00
Fiber          fiber_C_10
  type_variety:                SSMF_C_day12
  length (km):                 80.00
  pad att_in (dB):             0.00
  total loss (dB):             15.20
  (includes conn loss (dB) in: 0.00 out: 0.00)
  (conn loss out includes EOL margin defined in eqpt_config.json)
  reference pch out (dBm):     -15.34
  actual pch out (dBm):        -15.24
Edfa edfa_C_10
  type_variety:           std_medium_gain_day12_wide
  effective gain(dB):     15.20
  (before att_in and before output VOA)
  tilt-target(dB)         0.00
  noise figure (dB):      9.76
  (including att_in)
  pad att_in (dB):        0.00
  Power In (dBm):         3.57
  Power Out (dBm):        18.78
  Delta_P (dB):           -2.14
  target pch (dBm):       -0.14
  actual pch out (dBm):   -0.02
  output VOA (dB):        0.00
Transceiver trx_B
  GSNR (0.1nm, dB):          22.22
  GSNR (signal bw, dB):      15.13
  OSNR ASE (0.1nm, dB):      22.76
  OSNR ASE (signal bw, dB):  15.67
  CD (ps/nm):                13360.00
  PMD (ps):                  1.13
  PDL (dB):                  0.00
  Latency (ms):              3.92
  Actual pch out (dBm):      0.00

Transmission result for input optical power reference in span = 2.00 dBm:
  Final GSNR (0.1 nm): [1;36;40m22.22 dB[0m

The GSNR per channel at the end of the line is:
Ch. #   Channel frequency (THz)       Channel power (dBm)    OSNR ASE (signal bw, dB)     SNR NLI (signal bw, dB)        GSNR (signal bw, dB)
    1                 190.60199                     -0.15                       15.73                       26.08                       15.35
    2                 190.67699                     -0.15                       15.73                       25.56                       15.30
    3                 190.75199                     -0.15                       15.73                       25.33                       15.28
    4                 190.82699                     -0.15                       15.72                       25.19                       15.26
    5                 190.90199                     -0.15                       15.72                       25.08                       15.25
    6                 190.97699                     -0.15                       15.72                       25.00                       15.24
    7                 191.05199                     -0.15                       15.72                       24.93                       15.23
    8                 191.12699                     -0.15                       15.72                       24.87                       15.22
    9                 191.20199                     -0.15                       15.72                       24.81                       15.21
   10                 191.27699                     -0.15                       15.71                       24.77                       15.21
   11                 191.35199                     -0.15                       15.71                       24.73                       15.20
   12                 191.42699                     -0.15                       15.71                       24.69                       15.19
   13                 191.50199                     -0.15                       15.71                       24.65                       15.19
   14                 191.57699                     -0.15                       15.71                       24.62                       15.18
   15                 191.65199                     -0.15                       15.71                       24.59                       15.18
   16                 191.72699                     -0.15                       15.70                       24.57                       15.17
   17                 191.80199                     -0.15                       15.70                       24.54                       15.17
   18                 191.87699                     -0.15                       15.70                       24.52                       15.16
   19                 191.95199                     -0.15                       15.70                       24.49                       15.16
   20                 192.02699                     -0.15                       15.70                       24.47                       15.16
   21                 192.10199                     -0.15                       15.70                       24.45                       15.15
   22                 192.17699                     -0.15                       15.69                       24.43                       15.15
   23                 192.25199                     -0.15                       15.69                       24.41                       15.14
   24                 192.32699                     -0.15                       15.69                       24.40                       15.14
   25                 192.40199                     -0.15                       15.69                       24.38                       15.14
   26                 192.47699                     -0.15                       15.69                       24.36                       15.13
   27                 192.55199                     -0.15                       15.69                       24.35                       15.13
   28                 192.62699                     -0.15                       15.68                       24.33                       15.13
   29                 192.70199                     -0.15                       15.68                       24.32                       15.12
   30                 192.77699                     -0.15                       15.68                       24.31                       15.12
   31                 192.85199                     -0.15                       15.68                       24.29                       15.12
   32                 192.92699                     -0.15                       15.68                       24.28                       15.12
   33                 193.00199                     -0.15                       15.67                       24.27                       15.11
   34                 193.07699                     -0.15                       15.67                       24.26                       15.11
   35                 193.15199                     -0.15                       15.67                       24.25                       15.11
   36                 193.22699                     -0.15                       15.67                       24.24                       15.10
   37                 193.30199                     -0.15                       15.67                       24.23                       15.10
   38                 193.37699                     -0.15                       15.67                       24.22                       15.10
   39                 193.45199                     -0.15                       15.66                       24.21                       15.10
   40                 193.52699                     -0.15                       15.66                       24.20                       15.09
   41                 193.60199                     -0.15                       15.66                       24.20                       15.09
   42                 193.67699                     -0.15                       15.66                       24.19                       15.09
   43                 193.75199                     -0.16                       15.66                       24.18                       15.09
   44                 193.82699                     -0.16                       15.66                       24.18                       15.09
   45                 193.90199                     -0.16                       15.65                       24.17                       15.08
   46                 193.97699                     -0.16                       15.65                       24.17                       15.08
   47                 194.05199                     -0.16                       15.65                       24.16                       15.08
   48                 194.12699                     -0.16                       15.65                       24.16                       15.08
   49                 194.20199                     -0.16                       15.65                       24.16                       15.08
   50                 194.27699                     -0.16                       15.65                       24.15                       15.07
   51                 194.35199                     -0.16                       15.65                       24.15                       15.07
   52                 194.42699                     -0.16                       15.64                       24.15                       15.07
   53                 194.50199                     -0.16                       15.64                       24.15                       15.07
   54                 194.57699                     -0.16                       15.64                       24.15                       15.07
   55                 194.65199                     -0.16                       15.64                       24.15                       15.07
   56                 194.72699                     -0.16                       15.64                       24.15                       15.07
   57                 194.80199                     -0.16                       15.64                       24.16                       15.06
   58                 194.87699                     -0.16                       15.63                       24.16                       15.06
   59                 194.95199                     -0.16                       15.63                       24.17                       15.06
   60                 195.02699                     -0.16                       15.63                       24.18                       15.06
   61                 195.10199                     -0.16                       15.63                       24.18                       15.06
   62                 195.17699                     -0.15                       15.63                       24.19                       15.06
   63                 195.25199                     -0.15                       15.63                       24.21                       15.06
   64                 195.32699                     -0.15                       15.62                       24.22                       15.06
   65                 195.40199                     -0.15                       15.62                       24.24                       15.06
   66                 195.47699                     -0.15                       15.62                       24.26                       15.06
   67                 195.55199                     -0.15                       15.62                       24.28                       15.07
   68                 195.62699                     -0.15                       15.62                       24.31                       15.07
   69                 195.70199                     -0.15                       15.62                       24.35                       15.07
   70                 195.77699                     -0.15                       15.61                       24.39                       15.07
   71                 195.85199                     -0.15                       15.61                       24.44                       15.08
   72                 195.92699                     -0.15                       15.61                       24.51                       15.09
   73                 196.00199                     -0.15                       15.61                       24.60                       15.09
   74                 196.07699                     -0.15                       15.61                       24.73                       15.11
   75                 196.15199                     -0.15                       15.61                       24.94                       15.13
   76                 196.22699                     -0.15                       15.61                       25.44                       15.18

(No source node specified: picked trx_A)

(No destination node specified: picked trx_B)
