WARNING:gnpy.tools.json_io:
	WARNING missing type_variety attribute in eqpt_config.json[Roadm]
	default value is type_variety = default

WARNING:gnpy.core.network:
	WARNING: effective gain in Node edfa_C_1
	is below user specified amplifier std_medium_gain_day12_wide
	min gain: 15dB ; required gain: 11.7dB. Please check amplifier type.

WARNING:gnpy.core.network:
	WARNING: effective gain in Node edfa_C_10
	is below user specified amplifier std_medium_gain_day12_wide
	min gain: 15dB ; required gain: 14.7dB. Please check amplifier type.

User input for spectrum used for propagation instead of SI
Power mode is set to True
=> it can be modified in eqpt_config.json - Span

There are 10 fiber spans over 800 km between trx_A and trx_B

Now propagating between trx_A and trx_B:
Reference used for design: (Input optical power reference in span = -2.00dBm,
                            spacing = 75.00GHz
                            nb_channels = 206)

Channels propagating: (Input optical power deviation in span = 0.00dB,
                       spacing = 75.00GHz,
                       transceiver output power = 0.00dBm,
                       nb_channels = 76)
Input optical power reference in span = [1;36;40m-2.00 dBm[0m:
Transceiver trx_A
  GSNR (0.1nm, dB):          40.00
  GSNR (signal bw, dB):      32.91
  OSNR ASE (0.1nm, dB):      40.00
  OSNR ASE (signal bw, dB):  32.91
  CD (ps/nm):                0.00
  PMD (ps):                  0.00
  PDL (dB):                  0.00
  Latency (ms):              0.00
  Actual pch out (dBm):      0.00
Fiber          fiber_C_1
  type_variety:                SSMF_C_day12
  length (km):                 80.00
  pad att_in (dB):             0.00
  total loss (dB):             15.20
  (includes conn loss (dB) in: 0.00 out: 0.00)
  (conn loss out includes EOL margin defined in eqpt_config.json)
  reference pch out (dBm):     -17.20
  actual pch out (dBm):        -15.20
Edfa edfa_C_1
  type_variety:           std_medium_gain_day12_wide
  effective gain(dB):     11.70
  (before att_in and before output VOA)
  tilt-target(dB)         0.00
  noise figure (dB):      13.30
  (including att_in)
  pad att_in (dB):        3.30
  Power In (dBm):         3.61
  Power Out (dBm):        15.33
  Delta_P (dB):           -1.50
  target pch (dBm):       -3.50
  actual pch out (dBm):   -3.47
  output VOA (dB):        0.00
Fiber          fiber_C_2
  type_variety:                SSMF_C_day12
  length (km):                 80.00
  pad att_in (dB):             0.00
  total loss (dB):             15.20
  (includes conn loss (dB) in: 0.00 out: 0.00)
  (conn loss out includes EOL margin defined in eqpt_config.json)
  reference pch out (dBm):     -18.70
  actual pch out (dBm):        -18.67
Edfa edfa_C_2
  type_variety:           std_medium_gain_day12_wide
  effective gain(dB):     15.20
  (before att_in and before output VOA)
  tilt-target(dB)         0.00
  noise figure (dB):      9.76
  (including att_in)
  pad att_in (dB):        0.00
  Power In (dBm):         0.13
  Power Out (dBm):        15.36
  Delta_P (dB):           -1.50
  target pch (dBm):       -3.50
  actual pch out (dBm):   -3.45
  output VOA (dB):        0.00
Fiber          fiber_C_3
  type_variety:                SSMF_C_day12
  length (km):                 80.00
  pad att_in (dB):             0.00
  total loss (dB):             15.20
  (includes conn loss (dB) in: 0.00 out: 0.00)
  (conn loss out includes EOL margin defined in eqpt_config.json)
  reference pch out (dBm):     -18.70
  actual pch out (dBm):        -18.65
Edfa edfa_C_3
  type_variety:           std_medium_gain_day12_wide
  effective gain(dB):     15.20
  (before att_in and before output VOA)
  tilt-target(dB)         0.00
  noise figure (dB):      9.76
  (including att_in)
  pad att_in (dB):        0.00
  Power In (dBm):         0.16
  Power Out (dBm):        15.38
  Delta_P (dB):           -1.50
  target pch (dBm):       -3.50
  actual pch out (dBm):   -3.43
  output VOA (dB):        0.00
Fiber          fiber_C_4
  type_variety:                SSMF_C_day12
  length (km):                 80.00
  pad att_in (dB):             0.00
  total loss (dB):             15.20
  (includes conn loss (dB) in: 0.00 out: 0.00)
  (conn loss out includes EOL margin defined in eqpt_config.json)
  reference pch out (dBm):     -18.70
  actual pch out (dBm):        -18.63
Edfa edfa_C_4
  type_variety:           std_medium_gain_day12_wide
  effective gain(dB):     15.20
  (before att_in and before output VOA)
  tilt-target(dB)         0.00
  noise figure (dB):      9.76
  (including att_in)
  pad att_in (dB):        0.00
  Power In (dBm):         0.18
  Power Out (dBm):        15.41
  Delta_P (dB):           -1.50
  target pch (dBm):       -3.50
  actual pch out (dBm):   -3.40
  output VOA (dB):        0.00
Fiber          fiber_C_5
  type_variety:                SSMF_C_day12
  length (km):                 80.00
  pad att_in (dB):             0.00
  total loss (dB):             15.20
  (includes conn loss (dB) in: 0.00 out: 0.00)
  (conn loss out includes EOL margin defined in eqpt_config.json)
  reference pch out (dBm):     -18.70
  actual pch out (dBm):        -18.60
Edfa edfa_C_5
  type_variety:           std_medium_gain_day12_wide
  effective gain(dB):     15.20
  (before att_in and before output VOA)
  tilt-target(dB)         0.00
  noise figure (dB):      9.76
  (including att_in)
  pad att_in (dB):        0.00
  Power In (dBm):         0.21
  Power Out (dBm):        15.43
  Delta_P (dB):           -1.50
  target pch (dBm):       -3.50
  actual pch out (dBm):   -3.38
  output VOA (dB):        0.00
Fiber          fiber_C_6
  type_variety:                SSMF_C_day12
  length (km):                 80.00
  pad att_in (dB):             0.00
  total loss (dB):             15.20
  (includes conn loss (dB) in: 0.00 out: 0.00)
  (conn loss out includes EOL margin defined in eqpt_config.json)
  reference pch out (dBm):     -18.70
  actual pch out (dBm):        -18.58
Edfa edfa_C_6
  type_variety:           std_medium_gain_day12_wide
  effective gain(dB):     15.20
  (before att_in and before output VOA)
  tilt-target(dB)         0.00
  noise figure (dB):      9.76
  (including att_in)
  pad att_in (dB):        0.00
  Power In (dBm):         0.23
  Power Out (dBm):        15.46
  Delta_P (dB):           -1.50
  target pch (dBm):       -3.50
  actual pch out (dBm):   -3.35
  output VOA (dB):        0.00
Fiber          fiber_C_7
  type_variety:                SSMF_C_day12
  length (km):                 80.00
  pad att_in (dB):             0.00
  total loss (dB):             15.20
  (includes conn loss (dB) in: 0.00 out: 0.00)
  (conn loss out includes EOL margin defined in eqpt_config.json)
  reference pch out (dBm):     -18.70
  actual pch out (dBm):        -18.55
Edfa edfa_C_7
  type_variety:           std_medium_gain_day12_wide
  effective gain(dB):     15.20
  (before att_in and before output VOA)
  tilt-target(dB)         0.00
  noise figure (dB):      9.76
  (including att_in)
  pad att_in (dB):        0.00
  Power In (dBm):         0.26
  Power Out (dBm):        15.48
  Delta_P (dB):           -1.50
  target pch (dBm):       -3.50
  actual pch out (dBm):   -3.33
  output VOA (dB):        0.00
Fiber          fiber_C_8
  type_variety:                SSMF_C_day12
  length (km):                 80.00
  pad att_in (dB):             0.00
  total loss (dB):             15.20
  (includes conn loss (dB) in: 0.00 out: 0.00)
  (conn loss out includes EOL margin defined in eqpt_config.json)
  reference pch out (dBm):     -18.70
  actual pch out (dBm):        -18.53
Edfa edfa_C_8
  type_variety:           std_medium_gain_day12_wide
  effective gain(dB):     15.20
  (before att_in and before output VOA)
  tilt-target(dB)         0.00
  noise figure (dB):      9.76
  (including att_in)
  pad att_in (dB):        0.00
  Power In (dBm):         0.28
  Power Out (dBm):        15.50
  Delta_P (dB):           -1.50
  target pch (dBm):       -3.50
  actual pch out (dBm):   -3.30
  output VOA (dB):        0.00
Fiber          fiber_C_9
  type_variety:                SSMF_C_day12
  length (km):                 80.00
  pad att_in (dB):             0.00
  total loss (dB):             15.20
  (includes conn loss (dB) in: 0.00 out: 0.00)
  (conn loss out includes EOL margin defined in eqpt_config.json)
  reference pch out (dBm):     -18.70
  actual pch out (dBm):        -18.50
Edfa edfa_C_9
  type_variety:           std_medium_gain_day12_wide
  effective gain(dB):     15.20
  (before att_in and before output VOA)
  tilt-target(dB)         0.00
  noise figure (dB):      9.76
  (including att_in)
  pad att_in (dB):        0.00
  Power In (dBm):         0.30
  Power Out (dBm):        15.53
  Delta_P (dB):           -1.50
  target pch (dBm):       -3.50
  actual pch out (dBm):   -3.28
  output VOA (dB):        0.00
Fiber          fiber_C_10
  type_variety:                SSMF_C_day12
  length (km):                 80.00
  pad att_in (dB):             0.00
  total loss (dB):             15.20
  (includes conn loss (dB) in: 0.00 out: 0.00)
  (conn loss out includes EOL margin defined in eqpt_config.json)
  reference pch out (dBm):     -18.70
  actual pch out (dBm):        -18.48
Edfa edfa_C_10
  type_variety:           std_medium_gain_day12_wide
  effective gain(dB):     14.70
  (before att_in and before output VOA)
  tilt-target(dB)         0.00
  noise figure (dB):      10.30
  (including att_in)
  pad att_in (dB):        0.30
  Power In (dBm):         0.33
  Power Out (dBm):        15.05
  Delta_P (dB):           -2.00
  target pch (dBm):       -4.00
  actual pch out (dBm):   -3.75
  output VOA (dB):        0.00
Transceiver trx_B
  GSNR (0.1nm, dB):          19.31
  GSNR (signal bw, dB):      12.22
  OSNR ASE (0.1nm, dB):      19.39
  OSNR ASE (signal bw, dB):  12.30
  CD (ps/nm):                13360.00
  PMD (ps):                  1.13
  PDL (dB):                  0.00
  Latency (ms):              3.92
  Actual pch out (dBm):      0.00

Transmission result for input optical power reference in span = -2.00 dBm:
  Final GSNR (0.1 nm): [1;36;40m19.31 dB[0m

The GSNR per channel at the end of the line is:
Ch. #   Channel frequency (THz)       Channel power (dBm)    OSNR ASE (signal bw, dB)     SNR NLI (signal bw, dB)        GSNR (signal bw, dB)
    1                 190.60199                     -4.00                       12.36                       31.28                       12.31
    2                 190.67699                     -4.00                       12.36                       30.77                       12.30
    3                 190.75199                     -4.00                       12.36                       30.54                       12.29
    4                 190.82699                     -4.00                       12.36                       30.39                       12.29
    5                 190.90199                     -4.00                       12.35                       30.28                       12.28
    6                 190.97699                     -4.00                       12.35                       30.20                       12.28
    7                 191.05199                     -4.00                       12.35                       30.13                       12.28
    8                 191.12699                     -4.00                       12.35                       30.07                       12.28
    9                 191.20199                     -4.00                       12.35                       30.02                       12.27
   10                 191.27699                     -4.00                       12.35                       29.97                       12.27
   11                 191.35199                     -4.00                       12.34                       29.93                       12.27
   12                 191.42699                     -4.00                       12.34                       29.89                       12.27
   13                 191.50199                     -4.00                       12.34                       29.86                       12.26
   14                 191.57699                     -4.00                       12.34                       29.83                       12.26
   15                 191.65199                     -4.00                       12.34                       29.80                       12.26
   16                 191.72699                     -4.00                       12.33                       29.77                       12.26
   17                 191.80199                     -4.00                       12.33                       29.74                       12.25
   18                 191.87699                     -4.00                       12.33                       29.72                       12.25
   19                 191.95199                     -4.00                       12.33                       29.70                       12.25
   20                 192.02699                     -4.00                       12.33                       29.68                       12.25
   21                 192.10199                     -4.00                       12.33                       29.66                       12.25
   22                 192.17699                     -4.00                       12.32                       29.64                       12.24
   23                 192.25199                     -4.00                       12.32                       29.62                       12.24
   24                 192.32699                     -4.00                       12.32                       29.60                       12.24
   25                 192.40199                     -4.00                       12.32                       29.58                       12.24
   26                 192.47699                     -4.00                       12.32                       29.57                       12.24
   27                 192.55199                     -4.00                       12.32                       29.55                       12.23
   28                 192.62699                     -4.00                       12.31                       29.54                       12.23
   29                 192.70199                     -4.00                       12.31                       29.52                       12.23
   30                 192.77699                     -4.00                       12.31                       29.51                       12.23
   31                 192.85199                     -4.00                       12.31                       29.50                       12.23
   32                 192.92699                     -4.00                       12.31                       29.48                       12.23
   33                 193.00199                     -4.00                       12.31                       29.47                       12.22
   34                 193.07699                     -4.00                       12.30                       29.46                       12.22
   35                 193.15199                     -4.00                       12.30                       29.45                       12.22
   36                 193.22699                     -4.00                       12.30                       29.44                       12.22
   37                 193.30199                     -4.00                       12.30                       29.43                       12.22
   38                 193.37699                     -4.00                       12.30                       29.42                       12.21
   39                 193.45199                     -4.00                       12.30                       29.41                       12.21
   40                 193.52699                     -4.00                       12.29                       29.41                       12.21
   41                 193.60199                     -4.00                       12.29                       29.40                       12.21
   42                 193.67699                     -4.00                       12.29                       29.39                       12.21
   43                 193.75199                     -4.00                       12.29                       29.39                       12.21
   44                 193.82699                     -4.00                       12.29                       29.38                       12.20
   45                 193.90199                     -4.00                       12.29                       29.37                       12.20
   46                 193.97699                     -4.00                       12.28                       29.37                       12.20
   47                 194.05199                     -4.00                       12.28                       29.37                       12.20
   48                 194.12699                     -4.00                       12.28                       29.36                       12.20
   49                 194.20199                     -4.00                       12.28                       29.36                       12.20
   50                 194.27699                     -4.00                       12.28                       29.36                       12.19
   51                 194.35199                     -4.00                       12.28                       29.35                       12.19
   52                 194.42699                     -4.00                       12.27                       29.35                       12.19
   53                 194.50199                     -4.00                       12.27                       29.35                       12.19
   54                 194.57699                     -4.00                       12.27                       29.35                       12.19
   55                 194.65199                     -4.00                       12.27                       29.36                       12.19
   56                 194.72699                     -4.00                       12.27                       29.36                       12.18
   57                 194.80199                     -4.00                       12.27                       29.36                       12.18
   58                 194.87699                     -4.00                       12.26                       29.37                       12.18
   59                 194.95199                     -4.00                       12.26                       29.37                       12.18
   60                 195.02699                     -4.00                       12.26                       29.38                       12.18
   61                 195.10199                     -4.00                       12.26                       29.39                       12.18
   62                 195.17699                     -4.00                       12.26                       29.40                       12.17
   63                 195.25199                     -4.00                       12.26                       29.41                       12.17
   64                 195.32699                     -4.00                       12.25                       29.42                       12.17
   65                 195.40199                     -4.00                       12.25                       29.44                       12.17
   66                 195.47699                     -4.00                       12.25                       29.46                       12.17
   67                 195.55199                     -4.00                       12.25                       29.49                       12.17
   68                 195.62699                     -4.00                       12.25                       29.52                       12.17
   69                 195.70199                     -4.00                       12.25                       29.55                       12.17
   70                 195.77699                     -4.00                       12.24                       29.59                       12.17
   71                 195.85199                     -4.00                       12.24                       29.65                       12.16
   72                 195.92699                     -4.00                       12.24                       29.71                       12.16
   73                 196.00199                     -4.00                       12.24                       29.80                       12.16
   74                 196.07699                     -4.00                       12.24                       29.93                       12.17
   75                 196.15199                     -4.00                       12.24                       30.14                       12.17
   76                 196.22699                     -4.00                       12.24                       30.65                       12.17

(No source node specified: picked trx_A)

(No destination node specified: picked trx_B)
