WARNING:gnpy.tools.json_io:
	WARNING missing type_variety attribute in eqpt_config.json[Roadm]
	default value is type_variety = default

User input for spectrum used for propagation instead of SI
Power mode is set to True
=> it can be modified in eqpt_config.json - Span

There are 12 fiber spans over 960 km between trx_A and trx_B

Now propagating between trx_A and trx_B:
Reference used for design: (Input optical power reference in span = -2.00dBm,
                            spacing = 75.00GHz
                            nb_channels = 206)

Channels propagating: (Input optical power deviation in span = 0.00dB,
                       spacing = 75.00GHz,
                       transceiver output power = 0.00dBm,
                       nb_channels = 76)
Input optical power reference in span = [1;36;40m-2.00 dBm[0m:
Transceiver trx_A
  GSNR (0.1nm, dB):          40.00
  GSNR (signal bw, dB):      32.91
  OSNR ASE (0.1nm, dB):      40.00
  OSNR ASE (signal bw, dB):  32.91
  CD (ps/nm):                0.00
  PMD (ps):                  0.00
  PDL (dB):                  0.00
  Latency (ms):              0.00
  Actual pch out (dBm):      0.00
Fiber          fiber_S_1
  type_variety:                SSMF_S_day12
  length (km):                 80.00
  pad att_in (dB):             0.00
  total loss (dB):             17.60
  (includes conn loss (dB) in: 0.00 out: 0.00)
  (conn loss out includes EOL margin defined in eqpt_config.json)
  reference pch out (dBm):     -19.60
  actual pch out (dBm):        -17.60
Edfa edfa_S_1
  type_variety:           std_medium_gain_day12_wide
  effective gain(dB):     15.10
  (before att_in and before output VOA)
  tilt-target(dB)         0.00
  noise figure (dB):      9.88
  (including att_in)
  pad att_in (dB):        0.00
  Power In (dBm):         1.21
  Power Out (dBm):        16.33
  Delta_P (dB):           -0.50
  target pch (dBm):       -2.50
  actual pch out (dBm):   -2.48
  output VOA (dB):        0.00
Fiber          fiber_S_2
  type_variety:                SSMF_S_day12
  length (km):                 80.00
  pad att_in (dB):             0.00
  total loss (dB):             17.60
  (includes conn loss (dB) in: 0.00 out: 0.00)
  (conn loss out includes EOL margin defined in eqpt_config.json)
  reference pch out (dBm):     -20.10
  actual pch out (dBm):        -20.08
Edfa edfa_S_2
  type_variety:           std_medium_gain_day12_wide
  effective gain(dB):     17.60
  (before att_in and before output VOA)
  tilt-target(dB)         0.00
  noise figure (dB):      7.61
  (including att_in)
  pad att_in (dB):        0.00
  Power In (dBm):         -1.27
  Power Out (dBm):        16.35
  Delta_P (dB):           -0.50
  target pch (dBm):       -2.50
  actual pch out (dBm):   -2.46
  output VOA (dB):        0.00
Fiber          fiber_S_3
  type_variety:                SSMF_S_day12
  length (km):                 80.00
  pad att_in (dB):             0.00
  total loss (dB):             17.60
  (includes conn loss (dB) in: 0.00 out: 0.00)
  (conn loss out includes EOL margin defined in eqpt_config.json)
  reference pch out (dBm):     -20.10
  actual pch out (dBm):        -20.06
Edfa edfa_S_3
  type_variety:           std_medium_gain_day12_wide
  effective gain(dB):     17.60
  (before att_in and before output VOA)
  tilt-target(dB)         0.00
  noise figure (dB):      7.61
  (including att_in)
  pad att_in (dB):        0.00
  Power In (dBm):         -1.25
  Power Out (dBm):        16.37
  Delta_P (dB):           -0.50
  target pch (dBm):       -2.50
  actual pch out (dBm):   -2.44
  output VOA (dB):        0.00
Fiber          fiber_S_4
  type_variety:                SSMF_S_day12
  length (km):                 80.00
  pad att_in (dB):             0.00
  total loss (dB):             17.60
  (includes conn loss (dB) in: 0.00 out: 0.00)
  (conn loss out includes EOL margin defined in eqpt_config.json)
  reference pch out (dBm):     -20.10
  actual pch out (dBm):        -20.04
Edfa edfa_S_4
  type_variety:           std_medium_gain_day12_wide
  effective gain(dB):     17.60
  (before att_in and before output VOA)
  tilt-target(dB)         0.00
  noise figure (dB):      7.61
  (including att_in)
  pad att_in (dB):        0.00
  Power In (dBm):         -1.23
  Power Out (dBm):        16.39
  Delta_P (dB):           -0.50
  target pch (dBm):       -2.50
  actual pch out (dBm):   -2.41
  output VOA (dB):        0.00
Fiber          fiber_S_5
  type_variety:                SSMF_S_day12
  length (km):                 80.00
  pad att_in (dB):             0.00
  total loss (dB):             17.60
  (includes conn loss (dB) in: 0.00 out: 0.00)
  (conn loss out includes EOL margin defined in eqpt_config.json)
  reference pch out (dBm):     -20.10
  actual pch out (dBm):        -20.01
Edfa edfa_S_5
  type_variety:           std_medium_gain_day12_wide
  effective gain(dB):     17.60
  (before att_in and before output VOA)
  tilt-target(dB)         0.00
  noise figure (dB):      7.61
  (including att_in)
  pad att_in (dB):        0.00
  Power In (dBm):         -1.21
  Power Out (dBm):        16.42
  Delta_P (dB):           -0.50
  target pch (dBm):       -2.50
  actual pch out (dBm):   -2.39
  output VOA (dB):        0.00
Fiber          fiber_S_6
  type_variety:                SSMF_S_day12
  length (km):                 80.00
  pad att_in (dB):             0.00
  total loss (dB):             17.60
  (includes conn loss (dB) in: 0.00 out: 0.00)
  (conn loss out includes EOL margin defined in eqpt_config.json)
  reference pch out (dBm):     -20.10
  actual pch out (dBm):        -19.99
Edfa edfa_S_6
  type_variety:           std_medium_gain_day12_wide
  effective gain(dB):     17.60
  (before att_in and before output VOA)
  tilt-target(dB)         0.00
  noise figure (dB):      7.61
  (including att_in)
  pad att_in (dB):        0.00
  Power In (dBm):         -1.18
  Power Out (dBm):        16.44
  Delta_P (dB):           -0.50
  target pch (dBm):       -2.50
  actual pch out (dBm):   -2.37
  output VOA (dB):        0.00
Fiber          fiber_S_7
  type_variety:                SSMF_S_day12
  length (km):                 80.00
  pad att_in (dB):             0.00
  total loss (dB):             17.60
  (includes conn loss (dB) in: 0.00 out: 0.00)
  (conn loss out includes EOL margin defined in eqpt_config.json)
  reference pch out (dBm):     -20.10
  actual pch out (dBm):        -19.97
Edfa edfa_S_7
  type_variety:           std_medium_gain_day12_wide
  effective gain(dB):     17.60
  (before att_in and before output VOA)
  tilt-target(dB)         0.00
  noise figure (dB):      7.61
  (including att_in)
  pad att_in (dB):        0.00
  Power In (dBm):         -1.16
  Power Out (dBm):        16.46
  Delta_P (dB):           -0.50
  target pch (dBm):       -2.50
  actual pch out (dBm):   -2.35
  output VOA (dB):        0.00
Fiber          fiber_S_8
  type_variety:                SSMF_S_day12
  length (km):                 80.00
  pad att_in (dB):             0.00
  total loss (dB):             17.60
  (includes conn loss (dB) in: 0.00 out: 0.00)
  (conn loss out includes EOL margin defined in eqpt_config.json)
  reference pch out (dBm):     -20.10
  actual pch out (dBm):        -19.95
Edfa edfa_S_8
  type_variety:           std_medium_gain_day12_wide
  effective gain(dB):     17.60
  (before att_in and before output VOA)
  tilt-target(dB)         0.00
  noise figure (dB):      7.61
  (including att_in)
  pad att_in (dB):        0.00
  Power In (dBm):         -1.14
  Power Out (dBm):        16.48
  Delta_P (dB):           -0.50
  target pch (dBm):       -2.50
  actual pch out (dBm):   -2.33
  output VOA (dB):        0.00
Fiber          fiber_S_9
  type_variety:                SSMF_S_day12
  length (km):                 80.00
  pad att_in (dB):             0.00
  total loss (dB):             17.60
  (includes conn loss (dB) in: 0.00 out: 0.00)
  (conn loss out includes EOL margin defined in eqpt_config.json)
  reference pch out (dBm):     -20.10
  actual pch out (dBm):        -19.93
Edfa edfa_S_9
  type_variety:           std_medium_gain_day12_wide
  effective gain(dB):     17.60
  (before att_in and before output VOA)
  tilt-target(dB)         0.00
  noise figure (dB):      7.61
  (including att_in)
  pad att_in (dB):        0.00
  Power In (dBm):         -1.12
  Power Out (dBm):        16.50
  Delta_P (dB):           -0.50
  target pch (dBm):       -2.50
  actual pch out (dBm):   -2.31
  output VOA (dB):        0.00
Fiber          fiber_S_10
  type_variety:                SSMF_S_day12
  length (km):                 80.00
  pad att_in (dB):             0.00
  total loss (dB):             17.60
  (includes conn loss (dB) in: 0.00 out: 0.00)
  (conn loss out includes EOL margin defined in eqpt_config.json)
  reference pch out (dBm):     -20.10
  actual pch out (dBm):        -19.91
Edfa edfa_S_10
  type_variety:           std_medium_gain_day12_wide
  effective gain(dB):     17.60
  (before att_in and before output VOA)
  tilt-target(dB)         0.00
  noise figure (dB):      7.61
  (including att_in)
  pad att_in (dB):        0.00
  Power In (dBm):         -1.10
  Power Out (dBm):        16.52
  Delta_P (dB):           -0.50
  target pch (dBm):       -2.50
  actual pch out (dBm):   -2.29
  output VOA (dB):        0.00
Fiber          fiber_S_11
  type_variety:                SSMF_S_day12
  length (km):                 80.00
  pad att_in (dB):             0.00
  total loss (dB):             17.60
  (includes conn loss (dB) in: 0.00 out: 0.00)
  (conn loss out includes EOL margin defined in eqpt_config.json)
  reference pch out (dBm):     -20.10
  actual pch out (dBm):        -19.89
Edfa edfa_S_11
  type_variety:           std_medium_gain_day12_wide
  effective gain(dB):     17.60
  (before att_in and before output VOA)
  tilt-target(dB)         0.00
  noise figure (dB):      7.61
  (including att_in)
  pad att_in (dB):        0.00
  Power In (dBm):         -1.08
  Power Out (dBm):        16.54
  Delta_P (dB):           -0.50
  target pch (dBm):       -2.50
  actual pch out (dBm):   -2.27
  output VOA (dB):        0.00
Fiber          fiber_S_12
  type_variety:                SSMF_S_day12
  length (km):                 80.00
  pad att_in (dB):             0.00
  total loss (dB):             17.60
  (includes conn loss (dB) in: 0.00 out: 0.00)
  (conn loss out includes EOL margin defined in eqpt_config.json)
  reference pch out (dBm):     -20.10
  actual pch out (dBm):        -19.87
Edfa edfa_S_12
  type_variety:           std_medium_gain_day12_wide
  effective gain(dB):     16.10
  (before att_in and before output VOA)
  tilt-target(dB)         0.00
  noise figure (dB):      8.80
  (including att_in)
  pad att_in (dB):        0.00
  Power In (dBm):         -1.06
  Power Out (dBm):        15.07
  Delta_P (dB):           -2.00
  target pch (dBm):       -4.00
  actual pch out (dBm):   -3.74
  output VOA (dB):        0.00
Transceiver trx_B
  GSNR (0.1nm, dB):          18.89
  GSNR (signal bw, dB):      11.80
  OSNR ASE (0.1nm, dB):      19.14
  OSNR ASE (signal bw, dB):  12.04
  CD (ps/nm):                7680.00
  PMD (ps):                  1.24
  PDL (dB):                  0.00
  Latency (ms):              4.70
  Actual pch out (dBm):      0.00

Transmission result for input optical power reference in span = -2.00 dBm:
  Final GSNR (0.1 nm): [1;36;40m18.89 dB[0m

The GSNR per channel at the end of the line is:
Ch. #   Channel frequency (THz)       Channel power (dBm)    OSNR ASE (signal bw, dB)     SNR NLI (signal bw, dB)        GSNR (signal bw, dB)
    1                 198.39049                     -4.01                       12.11                       26.20                       11.94
    2                 198.46549                     -4.01                       12.11                       25.61                       11.92
    3                 198.54049                     -4.01                       12.10                       25.36                       11.90
    4                 198.61549                     -4.01                       12.10                       25.20                       11.89
    5                 198.69049                     -4.01                       12.10                       25.08                       11.89
    6                 198.76549                     -4.01                       12.10                       24.99                       11.88
    7                 198.84049                     -4.01                       12.10                       24.91                       11.88
    8                 198.91549                     -4.01                       12.09                       24.85                       11.87
    9                 198.99049                     -4.01                       12.09                       24.79                       11.87
   10                 199.06549                     -4.01                       12.09                       24.75                       11.86
   11                 199.14049                     -4.01                       12.09                       24.70                       11.86
   12                 199.21549                     -4.01                       12.09                       24.66                       11.85
   13                 199.29049                     -4.01                       12.09                       24.63                       11.85
   14                 199.36549                     -4.01                       12.08                       24.59                       11.85
   15                 199.44049                     -4.01                       12.08                       24.56                       11.84
   16                 199.51549                     -4.01                       12.08                       24.53                       11.84
   17                 199.59049                     -4.02                       12.08                       24.51                       11.84
   18                 199.66549                     -4.02                       12.08                       24.48                       11.84
   19                 199.74049                     -4.02                       12.08                       24.46                       11.83
   20                 199.81549                     -4.02                       12.07                       24.43                       11.83
   21                 199.89049                     -4.02                       12.07                       24.41                       11.83
   22                 199.96549                     -4.02                       12.07                       24.39                       11.82
   23                 200.04049                     -4.02                       12.07                       24.37                       11.82
   24                 200.11549                     -4.02                       12.07                       24.36                       11.82
   25                 200.19049                     -4.02                       12.07                       24.34                       11.82
   26                 200.26549                     -4.02                       12.06                       24.32                       11.81
   27                 200.34049                     -4.02                       12.06                       24.31                       11.81
   28                 200.41549                     -4.02                       12.06                       24.29                       11.81
   29                 200.49049                     -4.02                       12.06                       24.28                       11.81
   30                 200.56549                     -4.02                       12.06                       24.27                       11.80
   31                 200.64049                     -4.02                       12.06                       24.25                       11.80
   32                 200.71549                     -4.02                       12.05                       24.24                       11.80
   33                 200.79049                     -4.02                       12.05                       24.23                       11.80
   34                 200.86549                     -4.02                       12.05                       24.22                       11.80
   35                 200.94049                     -4.02                       12.05                       24.21                       11.79
   36                 201.01549                     -4.02                       12.05                       24.20                       11.79
   37                 201.09049                     -4.02                       12.05                       24.19                       11.79
   38                 201.16549                     -4.02                       12.05                       24.18                       11.79
   39                 201.24049                     -4.02                       12.04                       24.17                       11.79
   40                 201.31549                     -4.02                       12.04                       24.17                       11.78
   41                 201.39049                     -4.02                       12.04                       24.16                       11.78
   42                 201.46549                     -4.02                       12.04                       24.15                       11.78
   43                 201.54049                     -4.02                       12.04                       24.15                       11.78
   44                 201.61549                     -4.02                       12.04                       24.14                       11.78
   45                 201.69049                     -4.02                       12.03                       24.14                       11.77
   46                 201.76549                     -4.02                       12.03                       24.14                       11.77
   47                 201.84049                     -4.02                       12.03                       24.13                       11.77
   48                 201.91549                     -4.02                       12.03                       24.13                       11.77
   49                 201.99049                     -4.02                       12.03                       24.13                       11.77
   50                 202.06549                     -4.02                       12.03                       24.13                       11.77
   51                 202.14049                     -4.02                       12.02                       24.13                       11.76
   52                 202.21549                     -4.02                       12.02                       24.13                       11.76
   53                 202.29049                     -4.02                       12.02                       24.13                       11.76
   54                 202.36549                     -4.02                       12.02                       24.13                       11.76
   55                 202.44049                     -4.02                       12.02                       24.13                       11.76
   56                 202.51549                     -4.02                       12.02                       24.14                       11.76
   57                 202.59049                     -4.02                       12.01                       24.14                       11.76
   58                 202.66549                     -4.02                       12.01                       24.15                       11.76
   59                 202.74049                     -4.02                       12.01                       24.15                       11.75
   60                 202.81549                     -4.02                       12.01                       24.16                       11.75
   61                 202.89049                     -4.02                       12.01                       24.18                       11.75
   62                 202.96549                     -4.02                       12.01                       24.19                       11.75
   63                 203.04049                     -4.02                       12.01                       24.20                       11.75
   64                 203.11549                     -4.02                       12.00                       24.22                       11.75
   65                 203.19049                     -4.02                       12.00                       24.24                       11.75
   66                 203.26549                     -4.02                       12.00                       24.27                       11.75
   67                 203.34049                     -4.02                       12.00                       24.29                       11.75
   68                 203.41549                     -4.02                       12.00                       24.33                       11.75
   69                 203.49049                     -4.02                       12.00                       24.37                       11.75
   70                 203.56549                     -4.02                       11.99                       24.42                       11.75
   71                 203.64049                     -4.02                       11.99                       24.48                       11.75
   72                 203.71549                     -4.01                       11.99                       24.55                       11.76
   73                 203.79049                     -4.01                       11.99                       24.65                       11.76
   74                 203.86549                     -4.01                       11.99                       24.80                       11.77
   75                 203.94049                     -4.01                       11.99                       25.04                       11.78
   76                 204.01549                     -4.01                       11.99                       25.60                       11.80

(No source node specified: picked trx_A)

(No destination node specified: picked trx_B)
