WARNING:gnpy.tools.json_io:
	WARNING missing type_variety attribute in eqpt_config.json[Roadm]
	default value is type_variety = default

User input for spectrum used for propagation instead of SI
Power mode is set to True
=> it can be modified in eqpt_config.json - Span

There are 12 fiber spans over 960 km between trx_A and trx_B

Now propagating between trx_A and trx_B:
Reference used for design: (Input optical power reference in span = 0.00dBm,
                            spacing = 75.00GHz
                            nb_channels = 206)

Channels propagating: (Input optical power deviation in span = 0.00dB,
                       spacing = 75.00GHz,
                       transceiver output power = 0.00dBm,
                       nb_channels = 76)
Input optical power reference in span = [1;36;40m0.00 dBm[0m:
Transceiver trx_A
  GSNR (0.1nm, dB):          40.00
  GSNR (signal bw, dB):      32.91
  OSNR ASE (0.1nm, dB):      40.00
  OSNR ASE (signal bw, dB):  32.91
  CD (ps/nm):                0.00
  PMD (ps):                  0.00
  PDL (dB):                  0.00
  Latency (ms):              0.00
  Actual pch out (dBm):      0.00
Fiber          fiber_S_1
  type_variety:                SSMF_S_day12
  length (km):                 80.00
  pad att_in (dB):             0.00
  total loss (dB):             17.60
  (includes conn loss (dB) in: 0.00 out: 0.00)
  (conn loss out includes EOL margin defined in eqpt_config.json)
  reference pch out (dBm):     -17.60
  actual pch out (dBm):        -17.60
Edfa edfa_S_1
  type_variety:           std_medium_gain_day12_wide
  effective gain(dB):     17.10
  (before att_in and before output VOA)
  tilt-target(dB)         0.00
  noise figure (dB):      7.96
  (including att_in)
  pad att_in (dB):        0.00
  Power In (dBm):         1.21
  Power Out (dBm):        18.32
  Delta_P (dB):           -0.50
  target pch (dBm):       -0.50
  actual pch out (dBm):   -0.49
  output VOA (dB):        0.00
Fiber          fiber_S_2
  type_variety:                SSMF_S_day12
  length (km):                 80.00
  pad att_in (dB):             0.00
  total loss (dB):             17.60
  (includes conn loss (dB) in: 0.00 out: 0.00)
  (conn loss out includes EOL margin defined in eqpt_config.json)
  reference pch out (dBm):     -18.10
  actual pch out (dBm):        -18.09
Edfa edfa_S_2
  type_variety:           std_medium_gain_day12_wide
  effective gain(dB):     17.60
  (before att_in and before output VOA)
  tilt-target(dB)         0.00
  noise figure (dB):      7.61
  (including att_in)
  pad att_in (dB):        0.00
  Power In (dBm):         0.72
  Power Out (dBm):        18.34
  Delta_P (dB):           -0.50
  target pch (dBm):       -0.50
  actual pch out (dBm):   -0.47
  output VOA (dB):        0.00
Fiber          fiber_S_3
  type_variety:                SSMF_S_day12
  length (km):                 80.00
  pad att_in (dB):             0.00
  total loss (dB):             17.60
  (includes conn loss (dB) in: 0.00 out: 0.00)
  (conn loss out includes EOL margin defined in eqpt_config.json)
  reference pch out (dBm):     -18.10
  actual pch out (dBm):        -18.07
Edfa edfa_S_3
  type_variety:           std_medium_gain_day12_wide
  effective gain(dB):     17.60
  (before att_in and before output VOA)
  tilt-target(dB)         0.00
  noise figure (dB):      7.61
  (including att_in)
  pad att_in (dB):        0.00
  Power In (dBm):         0.74
  Power Out (dBm):        18.35
  Delta_P (dB):           -0.50
  target pch (dBm):       -0.50
  actual pch out (dBm):   -0.46
  output VOA (dB):        0.00
Fiber          fiber_S_4
  type_variety:                SSMF_S_day12
  length (km):                 80.00
  pad att_in (dB):             0.00
  total loss (dB):             17.60
  (includes conn loss (dB) in: 0.00 out: 0.00)
  (conn loss out includes EOL margin defined in eqpt_config.json)
  reference pch out (dBm):     -18.10
  actual pch out (dBm):        -18.06
Edfa edfa_S_4
  type_variety:           std_medium_gain_day12_wide
  effective gain(dB):     17.60
  (before att_in and before output VOA)
  tilt-target(dB)         0.00
  noise figure (dB):      7.61
  (including att_in)
  pad att_in (dB):        0.00
  Power In (dBm):         0.75
  Power Out (dBm):        18.36
  Delta_P (dB):           -0.50
  target pch (dBm):       -0.50
  actual pch out (dBm):   -0.45
  output VOA (dB):        0.00
Fiber          fiber_S_5
  type_variety:                SSMF_S_day12
  length (km):                 80.00
  pad att_in (dB):             0.00
  total loss (dB):             17.60
  (includes conn loss (dB) in: 0.00 out: 0.00)
  (conn loss out includes EOL margin defined in eqpt_config.json)
  reference pch out (dBm):     -18.10
  actual pch out (dBm):        -18.05
Edfa edfa_S_5
  type_variety:           std_medium_gain_day12_wide
  effective gain(dB):     17.60
  (before att_in and before output VOA)
  tilt-target(dB)         0.00
  noise figure (dB):      7.61
  (including att_in)
  pad att_in (dB):        0.00
  Power In (dBm):         0.76
  Power Out (dBm):        18.38
  Delta_P (dB):           -0.50
  target pch (dBm):       -0.50
  actual pch out (dBm):   -0.43
  output VOA (dB):        0.00
Fiber          fiber_S_6
  type_variety:                SSMF_S_day12
  length (km):                 80.00
  pad att_in (dB):             0.00
  total loss (dB):             17.60
  (includes conn loss (dB) in: 0.00 out: 0.00)
  (conn loss out includes EOL margin defined in eqpt_config.json)
  reference pch out (dBm):     -18.10
  actual pch out (dBm):        -18.03
Edfa edfa_S_6
  type_variety:           std_medium_gain_day12_wide
  effective gain(dB):     17.60
  (before att_in and before output VOA)
  tilt-target(dB)         0.00
  noise figure (dB):      7.61
  (including att_in)
  pad att_in (dB):        0.00
  Power In (dBm):         0.78
  Power Out (dBm):        18.39
  Delta_P (dB):           -0.50
  target pch (dBm):       -0.50
  actual pch out (dBm):   -0.42
  output VOA (dB):        0.00
Fiber          fiber_S_7
  type_variety:                SSMF_S_day12
  length (km):                 80.00
  pad att_in (dB):             0.00
  total loss (dB):             17.60
  (includes conn loss (dB) in: 0.00 out: 0.00)
  (conn loss out includes EOL margin defined in eqpt_config.json)
  reference pch out (dBm):     -18.10
  actual pch out (dBm):        -18.02
Edfa edfa_S_7
  type_variety:           std_medium_gain_day12_wide
  effective gain(dB):     17.60
  (before att_in and before output VOA)
  tilt-target(dB)         0.00
  noise figure (dB):      7.61
  (including att_in)
  pad att_in (dB):        0.00
  Power In (dBm):         0.79
  Power Out (dBm):        18.40
  Delta_P (dB):           -0.50
  target pch (dBm):       -0.50
  actual pch out (dBm):   -0.40
  output VOA (dB):        0.00
Fiber          fiber_S_8
  type_variety:                SSMF_S_day12
  length (km):                 80.00
  pad att_in (dB):             0.00
  total loss (dB):             17.60
  (includes conn loss (dB) in: 0.00 out: 0.00)
  (conn loss out includes EOL margin defined in eqpt_config.json)
  reference pch out (dBm):     -18.10
  actual pch out (dBm):        -18.00
Edfa edfa_S_8
  type_variety:           std_medium_gain_day12_wide
  effective gain(dB):     17.60
  (before att_in and before output VOA)
  tilt-target(dB)         0.00
  noise figure (dB):      7.61
  (including att_in)
  pad att_in (dB):        0.00
  Power In (dBm):         0.80
  Power Out (dBm):        18.42
  Delta_P (dB):           -0.50
  target pch (dBm):       -0.50
  actual pch out (dBm):   -0.39
  output VOA (dB):        0.00
Fiber          fiber_S_9
  type_variety:                SSMF_S_day12
  length (km):                 80.00
  pad att_in (dB):             0.00
  total loss (dB):             17.60
  (includes conn loss (dB) in: 0.00 out: 0.00)
  (conn loss out includes EOL margin defined in eqpt_config.json)
  reference pch out (dBm):     -18.10
  actual pch out (dBm):        -17.99
Edfa edfa_S_9
  type_variety:           std_medium_gain_day12_wide
  effective gain(dB):     17.60
  (before att_in and before output VOA)
  tilt-target(dB)         0.00
  noise figure (dB):      7.61
  (including att_in)
  pad att_in (dB):        0.00
  Power In (dBm):         0.82
  Power Out (dBm):        18.43
  Delta_P (dB):           -0.50
  target pch (dBm):       -0.50
  actual pch out (dBm):   -0.38
  output VOA (dB):        0.00
Fiber          fiber_S_10
  type_variety:                SSMF_S_day12
  length (km):                 80.00
  pad att_in (dB):             0.00
  total loss (dB):             17.60
  (includes conn loss (dB) in: 0.00 out: 0.00)
  (conn loss out includes EOL margin defined in eqpt_config.json)
  reference pch out (dBm):     -18.10
  actual pch out (dBm):        -17.98
Edfa edfa_S_10
  type_variety:           std_medium_gain_day12_wide
  effective gain(dB):     17.60
  (before att_in and before output VOA)
  tilt-target(dB)         0.00
  noise figure (dB):      7.61
  (including att_in)
  pad att_in (dB):        0.00
  Power In (dBm):         0.83
  Power Out (dBm):        18.44
  Delta_P (dB):           -0.50
  target pch (dBm):       -0.50
  actual pch out (dBm):   -0.36
  output VOA (dB):        0.00
Fiber          fiber_S_11
  type_variety:                SSMF_S_day12
  length (km):                 80.00
  pad att_in (dB):             0.00
  total loss (dB):             17.60
  (includes conn loss (dB) in: 0.00 out: 0.00)
  (conn loss out includes EOL margin defined in eqpt_config.json)
  reference pch out (dBm):     -18.10
  actual pch out (dBm):        -17.96
Edfa edfa_S_11
  type_variety:           std_medium_gain_day12_wide
  effective gain(dB):     17.60
  (before att_in and before output VOA)
  tilt-target(dB)         0.00
  noise figure (dB):      7.61
  (including att_in)
  pad att_in (dB):        0.00
  Power In (dBm):         0.84
  Power Out (dBm):        18.46
  Delta_P (dB):           -0.50
  target pch (dBm):       -0.50
  actual pch out (dBm):   -0.35
  output VOA (dB):        0.00
Fiber          fiber_S_12
  type_variety:                SSMF_S_day12
  length (km):                 80.00
  pad att_in (dB):             0.00
  total loss (dB):             17.60
  (includes conn loss (dB) in: 0.00 out: 0.00)
  (conn loss out includes EOL margin defined in eqpt_config.json)
  reference pch out (dBm):     -18.10
  actual pch out (dBm):        -17.95
Edfa edfa_S_12
  type_variety:           std_medium_gain_day12_wide
  effective gain(dB):     16.10
  (before att_in and before output VOA)
  tilt-target(dB)         0.00
  noise figure (dB):      8.80
  (including att_in)
  pad att_in (dB):        0.00
  Power In (dBm):         0.86
  Power Out (dBm):        16.97
  Delta_P (dB):           -2.00
  target pch (dBm):       -2.00
  actual pch out (dBm):   -1.83
  output VOA (dB):        0.00
Transceiver trx_B
  GSNR (0.1nm, dB):          20.33
  GSNR (signal bw, dB):      13.24
  OSNR ASE (0.1nm, dB):      21.10
  OSNR ASE (signal bw, dB):  14.01
  CD (ps/nm):                7680.00
  PMD (ps):                  1.24
  PDL (dB):                  0.00
  Latency (ms):              4.70
  Actual pch out (dBm):      0.00

Transmission result for input optical power reference in span = 0.00 dBm:
  Final GSNR (0.1 nm): [1;36;40m20.33 dB[0m

The GSNR per channel at the end of the line is:
Ch. #   Channel frequency (THz)       Channel power (dBm)    OSNR ASE (signal bw, dB)     SNR NLI (signal bw, dB)        GSNR (signal bw, dB)
    1                 198.39049                     -2.02                       14.08                       22.90                       13.54
    2                 198.46549                     -2.02                       14.07                       22.32                       13.47
    3                 198.54049                     -2.03                       14.07                       22.06                       13.43
    4                 198.61549                     -2.03                       14.07                       21.90                       13.41
    5                 198.69049                     -2.03                       14.07                       21.78                       13.39
    6                 198.76549                     -2.03                       14.06                       21.69                       13.37
    7                 198.84049                     -2.03                       14.06                       21.62                       13.36
    8                 198.91549                     -2.03                       14.06                       21.55                       13.35
    9                 198.99049                     -2.03                       14.06                       21.49                       13.34
   10                 199.06549                     -2.03                       14.06                       21.45                       13.33
   11                 199.14049                     -2.03                       14.05                       21.40                       13.32
   12                 199.21549                     -2.03                       14.05                       21.36                       13.31
   13                 199.29049                     -2.03                       14.05                       21.33                       13.31
   14                 199.36549                     -2.03                       14.05                       21.29                       13.30
   15                 199.44049                     -2.03                       14.05                       21.26                       13.29
   16                 199.51549                     -2.03                       14.05                       21.23                       13.29
   17                 199.59049                     -2.03                       14.04                       21.21                       13.28
   18                 199.66549                     -2.03                       14.04                       21.18                       13.27
   19                 199.74049                     -2.03                       14.04                       21.16                       13.27
   20                 199.81549                     -2.03                       14.04                       21.13                       13.26
   21                 199.89049                     -2.03                       14.04                       21.11                       13.26
   22                 199.96549                     -2.03                       14.04                       21.09                       13.26
   23                 200.04049                     -2.03                       14.03                       21.07                       13.25
   24                 200.11549                     -2.03                       14.03                       21.06                       13.25
   25                 200.19049                     -2.03                       14.03                       21.04                       13.24
   26                 200.26549                     -2.03                       14.03                       21.02                       13.24
   27                 200.34049                     -2.03                       14.03                       21.01                       13.23
   28                 200.41549                     -2.03                       14.03                       20.99                       13.23
   29                 200.49049                     -2.03                       14.02                       20.98                       13.23
   30                 200.56549                     -2.03                       14.02                       20.97                       13.22
   31                 200.64049                     -2.03                       14.02                       20.95                       13.22
   32                 200.71549                     -2.03                       14.02                       20.94                       13.22
   33                 200.79049                     -2.03                       14.02                       20.93                       13.21
   34                 200.86549                     -2.03                       14.02                       20.92                       13.21
   35                 200.94049                     -2.03                       14.01                       20.91                       13.21
   36                 201.01549                     -2.03                       14.01                       20.90                       13.20
   37                 201.09049                     -2.03                       14.01                       20.89                       13.20
   38                 201.16549                     -2.03                       14.01                       20.88                       13.20
   39                 201.24049                     -2.03                       14.01                       20.87                       13.20
   40                 201.31549                     -2.03                       14.01                       20.87                       13.19
   41                 201.39049                     -2.03                       14.00                       20.86                       13.19
   42                 201.46549                     -2.03                       14.00                       20.85                       13.19
   43                 201.54049                     -2.03                       14.00                       20.85                       13.19
   44                 201.61549                     -2.04                       14.00                       20.84                       13.18
   45                 201.69049                     -2.04                       14.00                       20.84                       13.18
   46                 201.76549                     -2.04                       14.00                       20.83                       13.18
   47                 201.84049                     -2.04                       13.99                       20.83                       13.18
   48                 201.91549                     -2.04                       13.99                       20.83                       13.18
   49                 201.99049                     -2.04                       13.99                       20.83                       13.17
   50                 202.06549                     -2.04                       13.99                       20.83                       13.17
   51                 202.14049                     -2.04                       13.99                       20.83                       13.17
   52                 202.21549                     -2.04                       13.99                       20.83                       13.17
   53                 202.29049                     -2.04                       13.99                       20.83                       13.17
   54                 202.36549                     -2.04                       13.98                       20.83                       13.17
   55                 202.44049                     -2.04                       13.98                       20.83                       13.17
   56                 202.51549                     -2.04                       13.98                       20.84                       13.17
   57                 202.59049                     -2.04                       13.98                       20.84                       13.17
   58                 202.66549                     -2.03                       13.98                       20.85                       13.17
   59                 202.74049                     -2.03                       13.98                       20.86                       13.17
   60                 202.81549                     -2.03                       13.97                       20.86                       13.17
   61                 202.89049                     -2.03                       13.97                       20.88                       13.17
   62                 202.96549                     -2.03                       13.97                       20.89                       13.17
   63                 203.04049                     -2.03                       13.97                       20.90                       13.17
   64                 203.11549                     -2.03                       13.97                       20.92                       13.17
   65                 203.19049                     -2.03                       13.97                       20.94                       13.17
   66                 203.26549                     -2.03                       13.97                       20.97                       13.18
   67                 203.34049                     -2.03                       13.96                       20.99                       13.18
   68                 203.41549                     -2.03                       13.96                       21.03                       13.18
   69                 203.49049                     -2.03                       13.96                       21.07                       13.19
   70                 203.56549                     -2.03                       13.96                       21.12                       13.19
   71                 203.64049                     -2.03                       13.96                       21.18                       13.20
   72                 203.71549                     -2.03                       13.96                       21.25                       13.21
   73                 203.79049                     -2.03                       13.96                       21.35                       13.23
   74                 203.86549                     -2.03                       13.95                       21.50                       13.25
   75                 203.94049                     -2.03                       13.95                       21.74                       13.28
   76                 204.01549                     -2.03                       13.95                       22.30                       13.36

(No source node specified: picked trx_A)

(No destination node specified: picked trx_B)
