WARNING:gnpy.tools.json_io:
	WARNING missing type_variety attribute in eqpt_config.json[Roadm]
	default value is type_variety = default

WARNING:gnpy.core.network:
	WARNING: effective gain in Node edfa_C_1
	is below user specified amplifier std_medium_gain_day12_wide
	min gain: 15dB ; required gain: 13.7dB. Please check amplifier type.

WARNING:gnpy.core.network:
	WARNING: effective gain in Node edfa_C_10
	is below user specified amplifier std_medium_gain_day12_wide
	min gain: 15dB ; required gain: 14.7dB. Please check amplifier type.

User input for spectrum used for propagation instead of SI
Power mode is set to True
=> it can be modified in eqpt_config.json - Span

There are 10 fiber spans over 800 km between trx_A and trx_B

Now propagating between trx_A and trx_B:
Reference used for design: (Input optical power reference in span = 0.00dBm,
                            spacing = 75.00GHz
                            nb_channels = 206)

Channels propagating: (Input optical power deviation in span = 0.00dB,
                       spacing = 75.00GHz,
                       transceiver output power = 0.00dBm,
                       nb_channels = 76)
Input optical power reference in span = [1;36;40m0.00 dBm[0m:
Transceiver trx_A
  GSNR (0.1nm, dB):          40.00
  GSNR (signal bw, dB):      32.91
  OSNR ASE (0.1nm, dB):      40.00
  OSNR ASE (signal bw, dB):  32.91
  CD (ps/nm):                0.00
  PMD (ps):                  0.00
  PDL (dB):                  0.00
  Latency (ms):              0.00
  Actual pch out (dBm):      0.00
Fiber          fiber_C_1
  type_variety:                SSMF_C_day12
  length (km):                 80.00
  pad att_in (dB):             0.00
  total loss (dB):             15.20
  (includes conn loss (dB) in: 0.00 out: 0.00)
  (conn loss out includes EOL margin defined in eqpt_config.json)
  reference pch out (dBm):     -15.20
  actual pch out (dBm):        -15.20
Edfa edfa_C_1
  type_variety:           std_medium_gain_day12_wide
  effective gain(dB):     13.70
  (before att_in and before output VOA)
  tilt-target(dB)         0.00
  noise figure (dB):      11.30
  (including att_in)
  pad att_in (dB):        1.30
  Power In (dBm):         3.61
  Power Out (dBm):        17.32
  Delta_P (dB):           -1.50
  target pch (dBm):       -1.50
  actual pch out (dBm):   -1.48
  output VOA (dB):        0.00
Fiber          fiber_C_2
  type_variety:                SSMF_C_day12
  length (km):                 80.00
  pad att_in (dB):             0.00
  total loss (dB):             15.20
  (includes conn loss (dB) in: 0.00 out: 0.00)
  (conn loss out includes EOL margin defined in eqpt_config.json)
  reference pch out (dBm):     -16.70
  actual pch out (dBm):        -16.68
Edfa edfa_C_2
  type_variety:           std_medium_gain_day12_wide
  effective gain(dB):     15.20
  (before att_in and before output VOA)
  tilt-target(dB)         0.00
  noise figure (dB):      9.76
  (including att_in)
  pad att_in (dB):        0.00
  Power In (dBm):         2.12
  Power Out (dBm):        17.34
  Delta_P (dB):           -1.50
  target pch (dBm):       -1.50
  actual pch out (dBm):   -1.47
  output VOA (dB):        0.00
Fiber          fiber_C_3
  type_variety:                SSMF_C_day12
  length (km):                 80.00
  pad att_in (dB):             0.00
  total loss (dB):             15.20
  (includes conn loss (dB) in: 0.00 out: 0.00)
  (conn loss out includes EOL margin defined in eqpt_config.json)
  reference pch out (dBm):     -16.70
  actual pch out (dBm):        -16.67
Edfa edfa_C_3
  type_variety:           std_medium_gain_day12_wide
  effective gain(dB):     15.20
  (before att_in and before output VOA)
  tilt-target(dB)         0.00
  noise figure (dB):      9.76
  (including att_in)
  pad att_in (dB):        0.00
  Power In (dBm):         2.14
  Power Out (dBm):        17.36
  Delta_P (dB):           -1.50
  target pch (dBm):       -1.50
  actual pch out (dBm):   -1.45
  output VOA (dB):        0.00
Fiber          fiber_C_4
  type_variety:                SSMF_C_day12
  length (km):                 80.00
  pad att_in (dB):             0.00
  total loss (dB):             15.20
  (includes conn loss (dB) in: 0.00 out: 0.00)
  (conn loss out includes EOL margin defined in eqpt_config.json)
  reference pch out (dBm):     -16.70
  actual pch out (dBm):        -16.65
Edfa edfa_C_4
  type_variety:           std_medium_gain_day12_wide
  effective gain(dB):     15.20
  (before att_in and before output VOA)
  tilt-target(dB)         0.00
  noise figure (dB):      9.76
  (including att_in)
  pad att_in (dB):        0.00
  Power In (dBm):         2.16
  Power Out (dBm):        17.37
  Delta_P (dB):           -1.50
  target pch (dBm):       -1.50
  actual pch out (dBm):   -1.44
  output VOA (dB):        0.00
Fiber          fiber_C_5
  type_variety:                SSMF_C_day12
  length (km):                 80.00
  pad att_in (dB):             0.00
  total loss (dB):             15.20
  (includes conn loss (dB) in: 0.00 out: 0.00)
  (conn loss out includes EOL margin defined in eqpt_config.json)
  reference pch out (dBm):     -16.70
  actual pch out (dBm):        -16.64
Edfa edfa_C_5
  type_variety:           std_medium_gain_day12_wide
  effective gain(dB):     15.20
  (before att_in and before output VOA)
  tilt-target(dB)         0.00
  noise figure (dB):      9.76
  (including att_in)
  pad att_in (dB):        0.00
  Power In (dBm):         2.17
  Power Out (dBm):        17.39
  Delta_P (dB):           -1.50
  target pch (dBm):       -1.50
  actual pch out (dBm):   -1.42
  output VOA (dB):        0.00
Fiber          fiber_C_6
  type_variety:                SSMF_C_day12
  length (km):                 80.00
  pad att_in (dB):             0.00
  total loss (dB):             15.20
  (includes conn loss (dB) in: 0.00 out: 0.00)
  (conn loss out includes EOL margin defined in eqpt_config.json)
  reference pch out (dBm):     -16.70
  actual pch out (dBm):        -16.62
Edfa edfa_C_6
  type_variety:           std_medium_gain_day12_wide
  effective gain(dB):     15.20
  (before att_in and before output VOA)
  tilt-target(dB)         0.00
  noise figure (dB):      9.76
  (including att_in)
  pad att_in (dB):        0.00
  Power In (dBm):         2.19
  Power Out (dBm):        17.40
  Delta_P (dB):           -1.50
  target pch (dBm):       -1.50
  actual pch out (dBm):   -1.41
  output VOA (dB):        0.00
Fiber          fiber_C_7
  type_variety:                SSMF_C_day12
  length (km):                 80.00
  pad att_in (dB):             0.00
  total loss (dB):             15.20
  (includes conn loss (dB) in: 0.00 out: 0.00)
  (conn loss out includes EOL margin defined in eqpt_config.json)
  reference pch out (dBm):     -16.70
  actual pch out (dBm):        -16.61
Edfa edfa_C_7
  type_variety:           std_medium_gain_day12_wide
  effective gain(dB):     15.20
  (before att_in and before output VOA)
  tilt-target(dB)         0.00
  noise figure (dB):      9.76
  (including att_in)
  pad att_in (dB):        0.00
  Power In (dBm):         2.20
  Power Out (dBm):        17.42
  Delta_P (dB):           -1.50
  target pch (dBm):       -1.50
  actual pch out (dBm):   -1.39
  output VOA (dB):        0.00
Fiber          fiber_C_8
  type_variety:                SSMF_C_day12
  length (km):                 80.00
  pad att_in (dB):             0.00
  total loss (dB):             15.20
  (includes conn loss (dB) in: 0.00 out: 0.00)
  (conn loss out includes EOL margin defined in eqpt_config.json)
  reference pch out (dBm):     -16.70
  actual pch out (dBm):        -16.59
Edfa edfa_C_8
  type_variety:           std_medium_gain_day12_wide
  effective gain(dB):     15.20
  (before att_in and before output VOA)
  tilt-target(dB)         0.00
  noise figure (dB):      9.76
  (including att_in)
  pad att_in (dB):        0.00
  Power In (dBm):         2.22
  Power Out (dBm):        17.43
  Delta_P (dB):           -1.50
  target pch (dBm):       -1.50
  actual pch out (dBm):   -1.38
  output VOA (dB):        0.00
Fiber          fiber_C_9
  type_variety:                SSMF_C_day12
  length (km):                 80.00
  pad att_in (dB):             0.00
  total loss (dB):             15.20
  (includes conn loss (dB) in: 0.00 out: 0.00)
  (conn loss out includes EOL margin defined in eqpt_config.json)
  reference pch out (dBm):     -16.70
  actual pch out (dBm):        -16.58
Edfa edfa_C_9
  type_variety:           std_medium_gain_day12_wide
  effective gain(dB):     15.20
  (before att_in and before output VOA)
  tilt-target(dB)         0.00
  noise figure (dB):      9.76
  (including att_in)
  pad att_in (dB):        0.00
  Power In (dBm):         2.23
  Power Out (dBm):        17.45
  Delta_P (dB):           -1.50
  target pch (dBm):       -1.50
  actual pch out (dBm):   -1.36
  output VOA (dB):        0.00
Fiber          fiber_C_10
  type_variety:                SSMF_C_day12
  length (km):                 80.00
  pad att_in (dB):             0.00
  total loss (dB):             15.20
  (includes conn loss (dB) in: 0.00 out: 0.00)
  (conn loss out includes EOL margin defined in eqpt_config.json)
  reference pch out (dBm):     -16.70
  actual pch out (dBm):        -16.56
Edfa edfa_C_10
  type_variety:           std_medium_gain_day12_wide
  effective gain(dB):     14.70
  (before att_in and before output VOA)
  tilt-target(dB)         0.00
  noise figure (dB):      10.30
  (including att_in)
  pad att_in (dB):        0.30
  Power In (dBm):         2.25
  Power Out (dBm):        16.97
  Delta_P (dB):           -2.00
  target pch (dBm):       -2.00
  actual pch out (dBm):   -1.84
  output VOA (dB):        0.00
Transceiver trx_B
  GSNR (0.1nm, dB):          21.13
  GSNR (signal bw, dB):      14.03
  OSNR ASE (0.1nm, dB):      21.37
  OSNR ASE (signal bw, dB):  14.27
  CD (ps/nm):                13360.00
  PMD (ps):                  1.13
  PDL (dB):                  0.00
  Latency (ms):              3.92
  Actual pch out (dBm):      0.00

Transmission result for input optical power reference in span = 0.00 dBm:
  Final GSNR (0.1 nm): [1;36;40m21.13 dB[0m

The GSNR per channel at the end of the line is:
Ch. #   Channel frequency (THz)       Channel power (dBm)    OSNR ASE (signal bw, dB)     SNR NLI (signal bw, dB)        GSNR (signal bw, dB)
    1                 190.60199                     -2.01                       14.34                       28.38                       14.17
    2                 190.67699                     -2.01                       14.34                       27.86                       14.15
    3                 190.75199                     -2.01                       14.33                       27.64                       14.13
    4                 190.82699                     -2.01                       14.33                       27.49                       14.13
    5                 190.90199                     -2.01                       14.33                       27.38                       14.12
    6                 190.97699                     -2.01                       14.33                       27.30                       14.11
    7                 191.05199                     -2.01                       14.33                       27.23                       14.11
    8                 191.12699                     -2.01                       14.32                       27.17                       14.10
    9                 191.20199                     -2.01                       14.32                       27.12                       14.10
   10                 191.27699                     -2.01                       14.32                       27.07                       14.10
   11                 191.35199                     -2.01                       14.32                       27.03                       14.09
   12                 191.42699                     -2.01                       14.32                       26.99                       14.09
   13                 191.50199                     -2.01                       14.32                       26.96                       14.09
   14                 191.57699                     -2.01                       14.31                       26.93                       14.08
   15                 191.65199                     -2.01                       14.31                       26.90                       14.08
   16                 191.72699                     -2.01                       14.31                       26.87                       14.08
   17                 191.80199                     -2.01                       14.31                       26.84                       14.07
   18                 191.87699                     -2.01                       14.31                       26.82                       14.07
   19                 191.95199                     -2.01                       14.31                       26.80                       14.07
   20                 192.02699                     -2.01                       14.30                       26.78                       14.06
   21                 192.10199                     -2.01                       14.30                       26.75                       14.06
   22                 192.17699                     -2.01                       14.30                       26.74                       14.06
   23                 192.25199                     -2.01                       14.30                       26.72                       14.06
   24                 192.32699                     -2.01                       14.30                       26.70                       14.05
   25                 192.40199                     -2.01                       14.30                       26.68                       14.05
   26                 192.47699                     -2.01                       14.29                       26.67                       14.05
   27                 192.55199                     -2.01                       14.29                       26.65                       14.05
   28                 192.62699                     -2.01                       14.29                       26.64                       14.04
   29                 192.70199                     -2.01                       14.29                       26.62                       14.04
   30                 192.77699                     -2.01                       14.29                       26.61                       14.04
   31                 192.85199                     -2.01                       14.29                       26.60                       14.04
   32                 192.92699                     -2.01                       14.28                       26.58                       14.03
   33                 193.00199                     -2.01                       14.28                       26.57                       14.03
   34                 193.07699                     -2.01                       14.28                       26.56                       14.03
   35                 193.15199                     -2.01                       14.28                       26.55                       14.03
   36                 193.22699                     -2.01                       14.28                       26.54                       14.03
   37                 193.30199                     -2.01                       14.27                       26.53                       14.02
   38                 193.37699                     -2.01                       14.27                       26.52                       14.02
   39                 193.45199                     -2.01                       14.27                       26.51                       14.02
   40                 193.52699                     -2.01                       14.27                       26.51                       14.02
   41                 193.60199                     -2.01                       14.27                       26.50                       14.02
   42                 193.67699                     -2.01                       14.27                       26.49                       14.01
   43                 193.75199                     -2.01                       14.26                       26.49                       14.01
   44                 193.82699                     -2.01                       14.26                       26.48                       14.01
   45                 193.90199                     -2.01                       14.26                       26.47                       14.01
   46                 193.97699                     -2.01                       14.26                       26.47                       14.01
   47                 194.05199                     -2.01                       14.26                       26.47                       14.00
   48                 194.12699                     -2.01                       14.26                       26.46                       14.00
   49                 194.20199                     -2.01                       14.25                       26.46                       14.00
   50                 194.27699                     -2.01                       14.25                       26.46                       14.00
   51                 194.35199                     -2.01                       14.25                       26.45                       14.00
   52                 194.42699                     -2.01                       14.25                       26.45                       14.00
   53                 194.50199                     -2.01                       14.25                       26.45                       13.99
   54                 194.57699                     -2.01                       14.25                       26.45                       13.99
   55                 194.65199                     -2.01                       14.25                       26.46                       13.99
   56                 194.72699                     -2.01                       14.24                       26.46                       13.99
   57                 194.80199                     -2.01                       14.24                       26.46                       13.99
   58                 194.87699                     -2.01                       14.24                       26.47                       13.99
   59                 194.95199                     -2.01                       14.24                       26.47                       13.99
   60                 195.02699                     -2.01                       14.24                       26.48                       13.99
   61                 195.10199                     -2.01                       14.24                       26.49                       13.98
   62                 195.17699                     -2.01                       14.23                       26.50                       13.98
   63                 195.25199                     -2.01                       14.23                       26.51                       13.98
   64                 195.32699                     -2.01                       14.23                       26.52                       13.98
   65                 195.40199                     -2.01                       14.23                       26.54                       13.98
   66                 195.47699                     -2.01                       14.23                       26.56                       13.98
   67                 195.55199                     -2.01                       14.23                       26.59                       13.98
   68                 195.62699                     -2.01                       14.22                       26.62                       13.98
   69                 195.70199                     -2.01                       14.22                       26.65                       13.98
   70                 195.77699                     -2.01                       14.22                       26.69                       13.98
   71                 195.85199                     -2.01                       14.22                       26.75                       13.98
   72                 195.92699                     -2.01                       14.22                       26.81                       13.99
   73                 196.00199                     -2.01                       14.22                       26.90                       13.99
   74                 196.07699                     -2.01                       14.21                       27.03                       13.99
   75                 196.15199                     -2.01                       14.21                       27.25                       14.00
   76                 196.22699                     -2.01                       14.21                       27.75                       14.02

(No source node specified: picked trx_A)

(No destination node specified: picked trx_B)
